<?xml version="1.0" encoding="UTF-8"?>
<testng-results skipped="0" failed="0" total="1" passed="1">
  <reporter-output>
  </reporter-output>
  <suite name="Suite TODOS" duration-ms="102278" started-at="2020-08-22T23:10:27Z" finished-at="2020-08-22T23:12:09Z">
    <groups>
    </groups>
    <test name="Test" duration-ms="102278" started-at="2020-08-22T23:10:27Z" finished-at="2020-08-22T23:12:09Z">
      <class name="com.todos.tests.AddTodoTest">
        <test-method status="PASS" signature="setupTest(java.lang.String)[pri:0, instance:com.todos.tests.AddTodoTest@69b2283a]" name="setupTest" is-config="true" duration-ms="92495" started-at="2020-08-23T00:10:27Z" finished-at="2020-08-23T00:12:00Z">
          <params>
            <param index="0">
              <value>
                <![CDATA[chrome]]>
              </value>
            </param>
          </params>
          <reporter-output>
          </reporter-output>
        </test-method> <!-- setupTest -->
        <test-method status="PASS" signature="iCanAddTodo()[pri:0, instance:com.todos.tests.AddTodoTest@69b2283a]" name="iCanAddTodo" duration-ms="3989" started-at="2020-08-23T00:12:00Z" finished-at="2020-08-23T00:12:04Z">
          <reporter-output>
          </reporter-output>
        </test-method> <!-- iCanAddTodo -->
        <test-method status="PASS" signature="cleanTest()[pri:0, instance:com.todos.tests.AddTodoTest@69b2283a]" name="cleanTest" is-config="true" duration-ms="5728" started-at="2020-08-23T00:12:04Z" finished-at="2020-08-23T00:12:09Z">
          <reporter-output>
          </reporter-output>
        </test-method> <!-- cleanTest -->
      </class> <!-- com.todos.tests.AddTodoTest -->
    </test> <!-- Test -->
  </suite> <!-- Suite TODOS -->
</testng-results>
